This is pdfTeX, Version 3.141592653-2.6-1.40.24 (TeX Live 2022/Arch Linux) (preloaded format=pdflatex 2023.1.13)  20 JAN 2023 17:56
entering extended mode
 restricted \write18 enabled.
 %&-line parsing enabled.
**"template_Reporte semanal (administración de redes).tex"
(./template_Reporte semanal (administración de redes).tex
LaTeX2e <2021-11-15> patch level 1
L3 programming layer <2022-04-10>
(/usr/share/texmf-dist/tex/latex/base/article.cls
Document Class: article 2021/10/04 v1.4n Standard LaTeX document class
(/usr/share/texmf-dist/tex/latex/base/size10.clo
File: size10.clo 2021/10/04 v1.4n Standard LaTeX file (size option)
)
\c@part=\count185
\c@section=\count186
\c@subsection=\count187
\c@subsubsection=\count188
\c@paragraph=\count189
\c@subparagraph=\count190
\c@figure=\count191
\c@table=\count192
\abovecaptionskip=\skip47
\belowcaptionskip=\skip48
\bibindent=\dimen138
)
(/usr/share/texmf-dist/tex/latex/graphics/graphicx.sty
Package: graphicx 2021/09/16 v1.2d Enhanced LaTeX Graphics (DPC,SPQR)

(/usr/share/texmf-dist/tex/latex/graphics/keyval.sty
Package: keyval 2014/10/28 v1.15 key=value parser (DPC)
\KV@toks@=\toks16
)
(/usr/share/texmf-dist/tex/latex/graphics/graphics.sty
Package: graphics 2021/03/04 v1.4d Standard LaTeX Graphics (DPC,SPQR)

(/usr/share/texmf-dist/tex/latex/graphics/trig.sty
Package: trig 2021/08/11 v1.11 sin cos tan (DPC)
)
(/usr/share/texmf-dist/tex/latex/graphics-cfg/graphics.cfg
File: graphics.cfg 2016/06/04 v1.11 sample graphics configuration
)
Package graphics Info: Driver file: pdftex.def on input line 107.

(/usr/share/texmf-dist/tex/latex/graphics-def/pdftex.def
File: pdftex.def 2020/10/05 v1.2a Graphics/color driver for pdftex
))
\Gin@req@height=\dimen139
\Gin@req@width=\dimen140
)
(/usr/share/texmf-dist/tex/latex/l3backend/l3backend-pdftex.def
File: l3backend-pdftex.def 2022-04-14 L3 backend support: PDF output (pdfTeX)
\l__color_backend_stack_int=\count193
\l__pdf_internal_box=\box50
)
(./template_Reporte semanal (administración de redes).aux (./introduccion.aux)
)
\openout1 = `"template_Reporte semanal (administración de redes).aux"'.

LaTeX Font Info:    Checking defaults for OML/cmm/m/it on input line 5.
LaTeX Font Info:    ... okay on input line 5.
LaTeX Font Info:    Checking defaults for OMS/cmsy/m/n on input line 5.
LaTeX Font Info:    ... okay on input line 5.
LaTeX Font Info:    Checking defaults for OT1/cmr/m/n on input line 5.
LaTeX Font Info:    ... okay on input line 5.
LaTeX Font Info:    Checking defaults for T1/cmr/m/n on input line 5.
LaTeX Font Info:    ... okay on input line 5.
LaTeX Font Info:    Checking defaults for TS1/cmr/m/n on input line 5.
LaTeX Font Info:    ... okay on input line 5.
LaTeX Font Info:    Checking defaults for OMX/cmex/m/n on input line 5.
LaTeX Font Info:    ... okay on input line 5.
LaTeX Font Info:    Checking defaults for U/cmr/m/n on input line 5.
LaTeX Font Info:    ... okay on input line 5.
 (/usr/share/texmf-dist/tex/context/base/mkii/supp-pdf.mkii
[Loading MPS to PDF converter (version 2006.09.02).]
\scratchcounter=\count194
\scratchdimen=\dimen141
\scratchbox=\box51
\nofMPsegments=\count195
\nofMParguments=\count196
\everyMPshowfont=\toks17
\MPscratchCnt=\count197
\MPscratchDim=\dimen142
\MPnumerator=\count198
\makeMPintoPDFobject=\count199
\everyMPtoPDFconversion=\toks18
) (/usr/share/texmf-dist/tex/latex/epstopdf-pkg/epstopdf-base.sty
Package: epstopdf-base 2020-01-24 v2.11 Base part for package epstopdf
Package epstopdf-base Info: Redefining graphics rule for `.eps' on input line 4
85.

(/usr/share/texmf-dist/tex/latex/latexconfig/epstopdf-sys.cfg
File: epstopdf-sys.cfg 2010/07/13 v1.3 Configuration of (r)epstopdf for TeX Liv
e
))
</home/dieguito/Pictures/logo_udeg_negro.png, id=1, 494.0859pt x 653.0799pt>
File: /home/dieguito/Pictures/logo_udeg_negro.png Graphic file (type png)
<use /home/dieguito/Pictures/logo_udeg_negro.png>
Package pdftex.def Info: /home/dieguito/Pictures/logo_udeg_negro.png  used on i
nput line 8.
(pdftex.def)             Requested size: 123.52116pt x 163.26956pt.
LaTeX Font Info:    External font `cmex10' loaded for size
(Font)              <7> on input line 30.
LaTeX Font Info:    External font `cmex10' loaded for size
(Font)              <5> on input line 30.
 [1

{/var/lib/texmf/fonts/map/pdftex/updmap/pdftex.map} </home/dieguito/Pictures/lo
go_udeg_negro.png>]
\openout2 = `introduccion.aux'.

 (./introduccion.tex
<./Capturas//ping-upv.png, id=14, 596.2275pt x 117.43875pt>
File: ./Capturas//ping-upv.png Graphic file (type png)
<use ./Capturas//ping-upv.png>
Package pdftex.def Info: ./Capturas//ping-upv.png  used on input line 11.
(pdftex.def)             Requested size: 298.11302pt x 58.71922pt.
<./Capturas//iplocateupv.png, id=15, 481.8pt x 311.1625pt>
File: ./Capturas//iplocateupv.png Graphic file (type png)
<use ./Capturas//iplocateupv.png>
Package pdftex.def Info: ./Capturas//iplocateupv.png  used on input line 15.
(pdftex.def)             Requested size: 240.8994pt x 155.58087pt.
<./Capturas//maps-UPV.png, id=16, 913.4125pt x 653.44125pt>
File: ./Capturas//maps-UPV.png Graphic file (type png)
<use ./Capturas//maps-UPV.png>
Package pdftex.def Info: ./Capturas//maps-UPV.png  used on input line 21.
(pdftex.def)             Requested size: 228.35257pt x 163.35991pt.
 [1

 <./Capturas//ping-upv.png> <./Capturas//iplocateupv.png>]
<./Capturas//ping-UBC.png, id=23, 907.39pt x 379.4175pt>
File: ./Capturas//ping-UBC.png Graphic file (type png)
<use ./Capturas//ping-UBC.png>
Package pdftex.def Info: ./Capturas//ping-UBC.png  used on input line 28.
(pdftex.def)             Requested size: 453.6939pt x 189.70828pt.

Overfull \hbox (108.6939pt too wide) in paragraph at lines 28--29
[] 
 []

<./Capturas//ip-UBC.png, id=24, 642.4pt x 221.82875pt>
File: ./Capturas//ip-UBC.png Graphic file (type png)
<use ./Capturas//ip-UBC.png>
Package pdftex.def Info: ./Capturas//ip-UBC.png  used on input line 33.
(pdftex.def)             Requested size: 321.19922pt x 110.9141pt.

Underfull \hbox (badness 10000) in paragraph at lines 33--35

 []

[2 <./Capturas//maps-UPV.png> <./Capturas//ping-UBC.png>]
<./Capturas//maps-UBC.png, id=30, 1027.84pt x 653.44125pt>
File: ./Capturas//maps-UBC.png Graphic file (type png)
<use ./Capturas//maps-UBC.png>
Package pdftex.def Info: ./Capturas//maps-UBC.png  used on input line 36.
(pdftex.def)             Requested size: 256.95937pt x 163.35991pt.
<./Capturas//ping-UF.png, id=31, 777.90625pt x 243.91125pt>
File: ./Capturas//ping-UF.png Graphic file (type png)
<use ./Capturas//ping-UF.png>
Package pdftex.def Info: ./Capturas//ping-UF.png  used on input line 42.
(pdftex.def)             Requested size: 272.27126pt x 85.37021pt.
<./Capturas//ip-UF.png, id=32, 762.85pt x 221.82875pt>
File: ./Capturas//ip-UF.png Graphic file (type png)
<use ./Capturas//ip-UF.png>
Package pdftex.def Info: ./Capturas//ip-UF.png  used on input line 46.
(pdftex.def)             Requested size: 381.42407pt x 110.9141pt.

Overfull \hbox (36.42407pt too wide) in paragraph at lines 46--48
[] 
 []

[3 <./Capturas//ip-UBC.png> <./Capturas//maps-UBC.png> <./Capturas//ping-UF.png
>]
<./Capturas//maps-UF.png, id=39, 1371.1225pt x 653.44125pt>
File: ./Capturas//maps-UF.png Graphic file (type png)
<use ./Capturas//maps-UF.png>
Package pdftex.def Info: ./Capturas//maps-UF.png  used on input line 49.
(pdftex.def)             Requested size: 342.77979pt x 163.35991pt.
<./Capturas//ping-UNAM.png, id=40, 777.90625pt x 243.91125pt>
File: ./Capturas//ping-UNAM.png Graphic file (type png)
<use ./Capturas//ping-UNAM.png>
Package pdftex.def Info: ./Capturas//ping-UNAM.png  used on input line 57.
(pdftex.def)             Requested size: 388.95216pt x 121.95532pt.

Overfull \hbox (43.95216pt too wide) in paragraph at lines 57--59
[] 
 []

[4 <./Capturas//ip-UF.png> <./Capturas//maps-UF.png>]
<./Capturas//ip-UNAM.png, id=46, 762.85pt x 221.82875pt>
File: ./Capturas//ip-UNAM.png Graphic file (type png)
<use ./Capturas//ip-UNAM.png>
Package pdftex.def Info: ./Capturas//ip-UNAM.png  used on input line 61.
(pdftex.def)             Requested size: 267.0015pt x 77.6412pt.
<./Capturas//maps-UNAM.png, id=47, 1371.1225pt x 653.44125pt>
File: ./Capturas//maps-UNAM.png Graphic file (type png)
<use ./Capturas//maps-UNAM.png>
Package pdftex.def Info: ./Capturas//maps-UNAM.png  used on input line 64.
(pdftex.def)             Requested size: 342.77979pt x 163.35991pt.
 [5 <./Capturas//ping-UNAM.png> <./Capturas//ip-UNAM.png> <./Capturas//maps-UNA
M.png>]) [6]
(./template_Reporte semanal (administración de redes).aux (./introduccion.aux)
) ) 
Here is how much of TeX's memory you used:
 1460 strings out of 478238
 25953 string characters out of 5850456
 314043 words of memory out of 5000000
 19728 multiletter control sequences out of 15000+600000
 471805 words of font info for 36 fonts, out of 8000000 for 9000
 1141 hyphenation exceptions out of 8191
 55i,6n,62p,258b,180s stack positions out of 5000i,500n,10000p,200000b,80000s
{/usr/share/texmf-dist/fonts/enc/dvips/cm-super/cm-super-ts1.enc}</usr/share
/texmf-dist/fonts/type1/public/amsfonts/cm/cmbx10.pfb></usr/share/texmf-dist/fo
nts/type1/public/amsfonts/cm/cmbx12.pfb></usr/share/texmf-dist/fonts/type1/publ
ic/amsfonts/cm/cmr10.pfb></usr/share/texmf-dist/fonts/type1/public/amsfonts/cm/
cmti10.pfb></usr/share/texmf-dist/fonts/type1/public/amsfonts/cm/cmti12.pfb></u
sr/share/texmf-dist/fonts/type1/public/cm-super/sfrm1000.pfb>
Output written on "template_Reporte semanal (administración de redes).pdf" (7 
pages, 2397752 bytes).
PDF statistics:
 86 PDF objects out of 1000 (max. 8388607)
 38 compressed objects within 1 object stream
 0 named destinations out of 1000 (max. 500000)
 66 words of extra memory for PDF output out of 10000 (max. 10000000)

