This is pdfTeX, Version 3.141592653-2.6-1.40.24 (TeX Live 2022/Arch Linux) (preloaded format=pdflatex 2023.1.13)  28 JAN 2023 00:14
entering extended mode
 restricted \write18 enabled.
 %&-line parsing enabled.
**reportesemanal.tex
(./reportesemanal.tex
LaTeX2e <2021-11-15> patch level 1
L3 programming layer <2022-04-10>
(/usr/share/texmf-dist/tex/latex/base/article.cls
Document Class: article 2021/10/04 v1.4n Standard LaTeX document class
(/usr/share/texmf-dist/tex/latex/base/size10.clo
File: size10.clo 2021/10/04 v1.4n Standard LaTeX file (size option)
)
\c@part=\count185
\c@section=\count186
\c@subsection=\count187
\c@subsubsection=\count188
\c@paragraph=\count189
\c@subparagraph=\count190
\c@figure=\count191
\c@table=\count192
\abovecaptionskip=\skip47
\belowcaptionskip=\skip48
\bibindent=\dimen138
)
(/usr/share/texmf-dist/tex/latex/graphics/graphicx.sty
Package: graphicx 2021/09/16 v1.2d Enhanced LaTeX Graphics (DPC,SPQR)

(/usr/share/texmf-dist/tex/latex/graphics/keyval.sty
Package: keyval 2014/10/28 v1.15 key=value parser (DPC)
\KV@toks@=\toks16
)
(/usr/share/texmf-dist/tex/latex/graphics/graphics.sty
Package: graphics 2021/03/04 v1.4d Standard LaTeX Graphics (DPC,SPQR)

(/usr/share/texmf-dist/tex/latex/graphics/trig.sty
Package: trig 2021/08/11 v1.11 sin cos tan (DPC)
)
(/usr/share/texmf-dist/tex/latex/graphics-cfg/graphics.cfg
File: graphics.cfg 2016/06/04 v1.11 sample graphics configuration
)
Package graphics Info: Driver file: pdftex.def on input line 107.

(/usr/share/texmf-dist/tex/latex/graphics-def/pdftex.def
File: pdftex.def 2020/10/05 v1.2a Graphics/color driver for pdftex
))
\Gin@req@height=\dimen139
\Gin@req@width=\dimen140
)
(/usr/share/texmf-dist/tex/latex/pdfpages/pdfpages.sty
Package: pdfpages 2022/01/29 v0.5u Insert pages of external PDF documents (AM)

(/usr/share/texmf-dist/tex/latex/base/ifthen.sty
Package: ifthen 2020/11/24 v1.1c Standard LaTeX ifthen package (DPC)
)
(/usr/share/texmf-dist/tex/latex/tools/calc.sty
Package: calc 2017/05/25 v4.3 Infix arithmetic (KKT,FJ)
\calc@Acount=\count193
\calc@Bcount=\count194
\calc@Adimen=\dimen141
\calc@Bdimen=\dimen142
\calc@Askip=\skip49
\calc@Bskip=\skip50
LaTeX Info: Redefining \setlength on input line 80.
LaTeX Info: Redefining \addtolength on input line 81.
\calc@Ccount=\count195
\calc@Cskip=\skip51
)
(/usr/share/texmf-dist/tex/latex/eso-pic/eso-pic.sty
Package: eso-pic 2020/10/14 v3.0a eso-pic (RN)
\ESO@tempdima=\dimen143
\ESO@tempdimb=\dimen144

(/usr/share/texmf-dist/tex/latex/xcolor/xcolor.sty
Package: xcolor 2021/10/31 v2.13 LaTeX color extensions (UK)

(/usr/share/texmf-dist/tex/latex/graphics-cfg/color.cfg
File: color.cfg 2016/01/02 v1.6 sample color configuration
)
Package xcolor Info: Driver file: pdftex.def on input line 227.
Package xcolor Info: Model `cmy' substituted by `cmy0' on input line 1352.
Package xcolor Info: Model `hsb' substituted by `rgb' on input line 1356.
Package xcolor Info: Model `RGB' extended on input line 1368.
Package xcolor Info: Model `HTML' substituted by `rgb' on input line 1370.
Package xcolor Info: Model `Hsb' substituted by `hsb' on input line 1371.
Package xcolor Info: Model `tHsb' substituted by `hsb' on input line 1372.
Package xcolor Info: Model `HSB' substituted by `hsb' on input line 1373.
Package xcolor Info: Model `Gray' substituted by `gray' on input line 1374.
Package xcolor Info: Model `wave' substituted by `hsb' on input line 1375.
))
\AM@pagewidth=\dimen145
\AM@pageheight=\dimen146
\AM@fboxrule=\dimen147

(/usr/share/texmf-dist/tex/latex/pdfpages/pppdftex.def
File: pppdftex.def 2022/01/29 v0.5u Pdfpages driver for pdfTeX (AM)
)
\pdfpages@includegraphics@status=\count196
\AM@pagebox=\box50
\AM@global@opts=\toks17
\AM@pagecnt=\count197
\AM@toc@title=\toks18
\c@AM@survey=\count198
\AM@templatesizebox=\box51
)
(/usr/share/texmf-dist/tex/latex/l3backend/l3backend-pdftex.def
File: l3backend-pdftex.def 2022-04-14 L3 backend support: PDF output (pdfTeX)
\l__color_backend_stack_int=\count199
\l__pdf_internal_box=\box52
)
(./reportesemanal.aux)
\openout1 = `reportesemanal.aux'.

LaTeX Font Info:    Checking defaults for OML/cmm/m/it on input line 4.
LaTeX Font Info:    ... okay on input line 4.
LaTeX Font Info:    Checking defaults for OMS/cmsy/m/n on input line 4.
LaTeX Font Info:    ... okay on input line 4.
LaTeX Font Info:    Checking defaults for OT1/cmr/m/n on input line 4.
LaTeX Font Info:    ... okay on input line 4.
LaTeX Font Info:    Checking defaults for T1/cmr/m/n on input line 4.
LaTeX Font Info:    ... okay on input line 4.
LaTeX Font Info:    Checking defaults for TS1/cmr/m/n on input line 4.
LaTeX Font Info:    ... okay on input line 4.
LaTeX Font Info:    Checking defaults for OMX/cmex/m/n on input line 4.
LaTeX Font Info:    ... okay on input line 4.
LaTeX Font Info:    Checking defaults for U/cmr/m/n on input line 4.
LaTeX Font Info:    ... okay on input line 4.

(/usr/share/texmf-dist/tex/context/base/mkii/supp-pdf.mkii
[Loading MPS to PDF converter (version 2006.09.02).]
\scratchcounter=\count266
\scratchdimen=\dimen148
\scratchbox=\box53
\nofMPsegments=\count267
\nofMParguments=\count268
\everyMPshowfont=\toks19
\MPscratchCnt=\count269
\MPscratchDim=\dimen149
\MPnumerator=\count270
\makeMPintoPDFobject=\count271
\everyMPtoPDFconversion=\toks20
) (/usr/share/texmf-dist/tex/latex/epstopdf-pkg/epstopdf-base.sty
Package: epstopdf-base 2020-01-24 v2.11 Base part for package epstopdf
Package epstopdf-base Info: Redefining graphics rule for `.eps' on input line 4
85.

(/usr/share/texmf-dist/tex/latex/latexconfig/epstopdf-sys.cfg
File: epstopdf-sys.cfg 2010/07/13 v1.3 Configuration of (r)epstopdf for TeX Liv
e
))
(/usr/share/texmf-dist/tex/latex/pdflscape/pdflscape.sty
Package: pdflscape 2019/12/05 v0.12 Display of landscape pages in PDF (HO)

(/usr/share/texmf-dist/tex/generic/iftex/iftex.sty
Package: iftex 2022/02/03 v1.0f TeX engine tests
)
(/usr/share/texmf-dist/tex/latex/graphics/lscape.sty
Package: lscape 2020/05/28 v3.02 Landscape Pages (DPC)
)
Package pdflscape Info: Auto-detected driver: pdftex on input line 81.
)
</home/dieguito/Pictures/logo_udeg_negro.png, id=1, 494.0859pt x 653.0799pt>
File: /home/dieguito/Pictures/logo_udeg_negro.png Graphic file (type png)
<use /home/dieguito/Pictures/logo_udeg_negro.png>
Package pdftex.def Info: /home/dieguito/Pictures/logo_udeg_negro.png  used on i
nput line 7.
(pdftex.def)             Requested size: 123.52116pt x 163.26956pt.
LaTeX Font Info:    External font `cmex10' loaded for size
(Font)              <7> on input line 29.
LaTeX Font Info:    External font `cmex10' loaded for size
(Font)              <5> on input line 29.
 [1

{/var/lib/texmf/fonts/map/pdftex/updmap/pdftex.map} </home/dieguito/Pictures/lo
go_udeg_negro.png>]
</home/dieguito/Documents/3/AdminRedes/Reporte2/unpaquete.pdf, id=13, 597.23125
pt x 845.1575pt>
File: /home/dieguito/Documents/3/AdminRedes/Reporte2/unpaquete.pdf Graphic file
 (type pdf)
<use /home/dieguito/Documents/3/AdminRedes/Reporte2/unpaquete.pdf>
Package pdftex.def Info: /home/dieguito/Documents/3/AdminRedes/Reporte2/unpaque
te.pdf  used on input line 84.
(pdftex.def)             Requested size: 597.22978pt x 845.15544pt.
File: /home/dieguito/Documents/3/AdminRedes/Reporte2/unpaquete.pdf Graphic file
 (type pdf)
<use /home/dieguito/Documents/3/AdminRedes/Reporte2/unpaquete.pdf>
Package pdftex.def Info: /home/dieguito/Documents/3/AdminRedes/Reporte2/unpaque
te.pdf  used on input line 84.
(pdftex.def)             Requested size: 597.22978pt x 845.15544pt.
</home/dieguito/Documents/3/AdminRedes/Reporte2/unpaquete.pdf, id=16, page=1, 5
97.23125pt x 845.1575pt>
File: /home/dieguito/Documents/3/AdminRedes/Reporte2/unpaquete.pdf Graphic file
 (type pdf)
<use /home/dieguito/Documents/3/AdminRedes/Reporte2/unpaquete.pdf, page 1>
Package pdftex.def Info: /home/dieguito/Documents/3/AdminRedes/Reporte2/unpaque
te.pdf , page1 used on input line 84.
(pdftex.def)             Requested size: 597.22978pt x 845.15544pt.
File: /home/dieguito/Documents/3/AdminRedes/Reporte2/unpaquete.pdf Graphic file
 (type pdf)
<use /home/dieguito/Documents/3/AdminRedes/Reporte2/unpaquete.pdf, page 1>
Package pdftex.def Info: /home/dieguito/Documents/3/AdminRedes/Reporte2/unpaque
te.pdf , page1 used on input line 84.
(pdftex.def)             Requested size: 561.86221pt x 795.10587pt.

[1]
File: /home/dieguito/Documents/3/AdminRedes/Reporte2/unpaquete.pdf Graphic file
 (type pdf)
<use /home/dieguito/Documents/3/AdminRedes/Reporte2/unpaquete.pdf, page 1>
Package pdftex.def Info: /home/dieguito/Documents/3/AdminRedes/Reporte2/unpaque
te.pdf , page1 used on input line 84.
(pdftex.def)             Requested size: 561.86221pt x 795.10587pt.
File: /home/dieguito/Documents/3/AdminRedes/Reporte2/unpaquete.pdf Graphic file
 (type pdf)
<use /home/dieguito/Documents/3/AdminRedes/Reporte2/unpaquete.pdf, page 1>
Package pdftex.def Info: /home/dieguito/Documents/3/AdminRedes/Reporte2/unpaque
te.pdf , page1 used on input line 84.
(pdftex.def)             Requested size: 561.86221pt x 795.10587pt.
File: /home/dieguito/Documents/3/AdminRedes/Reporte2/unpaquete.pdf Graphic file
 (type pdf)
<use /home/dieguito/Documents/3/AdminRedes/Reporte2/unpaquete.pdf, page 1>
Package pdftex.def Info: /home/dieguito/Documents/3/AdminRedes/Reporte2/unpaque
te.pdf , page1 used on input line 84.
(pdftex.def)             Requested size: 561.86221pt x 795.10587pt.
 [2 </home/dieguito/Documents/3/AdminRedes/Reporte2/unpaquete.pdf>]
Underfull \hbox (badness 10000) in paragraph at lines 95--96

 []

</home/dieguito/Documents/3/AdminRedes/Reporte2/IP Address Lookup Geolocation.p
ng, id=41, 762.85pt x 245.91875pt>
File: /home/dieguito/Documents/3/AdminRedes/Reporte2/IP Address Lookup Geolocat
ion.png Graphic file (type png)
<use /home/dieguito/Documents/3/AdminRedes/Reporte2/IP Address Lookup Geolocati
on.png>
Package pdftex.def Info: /home/dieguito/Documents/3/AdminRedes/Reporte2/IP Addr
ess Lookup Geolocation.png  used on input line 97.
(pdftex.def)             Requested size: 381.42407pt x 122.95906pt.

Overfull \hbox (51.42407pt too wide) in paragraph at lines 97--98
[][] 
 []


Underfull \hbox (badness 10000) in paragraph at lines 97--98

 []


Underfull \hbox (badness 10000) in paragraph at lines 99--101

 []

</home/dieguito/Documents/3/AdminRedes/Reporte2/Google Maps.png, id=42, 1371.12
25pt x 661.47125pt>
File: /home/dieguito/Documents/3/AdminRedes/Reporte2/Google Maps.png Graphic fi
le (type png)
<use /home/dieguito/Documents/3/AdminRedes/Reporte2/Google Maps.png>
Package pdftex.def Info: /home/dieguito/Documents/3/AdminRedes/Reporte2/Google 
Maps.png  used on input line 102.
(pdftex.def)             Requested size: 342.77979pt x 165.3674pt.

Overfull \hbox (12.77979pt too wide) in paragraph at lines 102--104
[][] 
 []


Underfull \hbox (badness 10000) in paragraph at lines 102--104

 []


Underfull \hbox (badness 10000) in paragraph at lines 105--106

 []

[3 </home/dieguito/Documents/3/AdminRedes/Reporte2/IP Address Lookup Geolocatio
n.png> </home/dieguito/Documents/3/AdminRedes/Reporte2/Google Maps.png>]
[4] (./reportesemanal.aux) ) 
Here is how much of TeX's memory you used:
 2754 strings out of 478238
 45122 string characters out of 5850456
 341816 words of memory out of 5000000
 20991 multiletter control sequences out of 15000+600000
 471152 words of font info for 34 fonts, out of 8000000 for 9000
 1141 hyphenation exceptions out of 8191
 61i,17n,75p,320b,426s stack positions out of 5000i,500n,10000p,200000b,80000s
{/usr/share/texmf-dist/fonts/enc/dvips/cm-super/cm-
super-ts1.enc}</usr/share/texmf-dist/fonts/type1/public/amsfonts/cm/cmbx10.pfb>
</usr/share/texmf-dist/fonts/type1/public/amsfonts/cm/cmbx12.pfb></usr/share/te
xmf-dist/fonts/type1/public/amsfonts/cm/cmr10.pfb></usr/share/texmf-dist/fonts/
type1/public/amsfonts/cm/cmti12.pfb></usr/share/texmf-dist/fonts/type1/public/c
m-super/sfrm1000.pfb>
Output written on reportesemanal.pdf (5 pages, 1545509 bytes).
PDF statistics:
 74 PDF objects out of 1000 (max. 8388607)
 40 compressed objects within 1 object stream
 0 named destinations out of 1000 (max. 500000)
 36 words of extra memory for PDF output out of 10000 (max. 10000000)

