This is pdfTeX, Version 3.141592653-2.6-1.40.24 (TeX Live 2022/Arch Linux) (preloaded format=pdflatex 2023.1.13)  6 FEB 2023 19:07
entering extended mode
 restricted \write18 enabled.
 %&-line parsing enabled.
**"template_Reporte semanal (administración de redes).tex"
(./template_Reporte semanal (administración de redes).tex
LaTeX2e <2021-11-15> patch level 1
L3 programming layer <2022-04-10>
(/usr/share/texmf-dist/tex/latex/base/article.cls
Document Class: article 2021/10/04 v1.4n Standard LaTeX document class
(/usr/share/texmf-dist/tex/latex/base/size10.clo
File: size10.clo 2021/10/04 v1.4n Standard LaTeX file (size option)
)
\c@part=\count185
\c@section=\count186
\c@subsection=\count187
\c@subsubsection=\count188
\c@paragraph=\count189
\c@subparagraph=\count190
\c@figure=\count191
\c@table=\count192
\abovecaptionskip=\skip47
\belowcaptionskip=\skip48
\bibindent=\dimen138
)
(/usr/share/texmf-dist/tex/latex/graphics/graphicx.sty
Package: graphicx 2021/09/16 v1.2d Enhanced LaTeX Graphics (DPC,SPQR)

(/usr/share/texmf-dist/tex/latex/graphics/keyval.sty
Package: keyval 2014/10/28 v1.15 key=value parser (DPC)
\KV@toks@=\toks16
)
(/usr/share/texmf-dist/tex/latex/graphics/graphics.sty
Package: graphics 2021/03/04 v1.4d Standard LaTeX Graphics (DPC,SPQR)

(/usr/share/texmf-dist/tex/latex/graphics/trig.sty
Package: trig 2021/08/11 v1.11 sin cos tan (DPC)
)
(/usr/share/texmf-dist/tex/latex/graphics-cfg/graphics.cfg
File: graphics.cfg 2016/06/04 v1.11 sample graphics configuration
)
Package graphics Info: Driver file: pdftex.def on input line 107.

(/usr/share/texmf-dist/tex/latex/graphics-def/pdftex.def
File: pdftex.def 2020/10/05 v1.2a Graphics/color driver for pdftex
))
\Gin@req@height=\dimen139
\Gin@req@width=\dimen140
)
(/usr/share/texmf-dist/tex/latex/l3backend/l3backend-pdftex.def
File: l3backend-pdftex.def 2022-04-14 L3 backend support: PDF output (pdfTeX)
\l__color_backend_stack_int=\count193
\l__pdf_internal_box=\box50
)
(./template_Reporte semanal (administración de redes).aux)
\openout1 = `"template_Reporte semanal (administración de redes).aux"'.

LaTeX Font Info:    Checking defaults for OML/cmm/m/it on input line 4.
LaTeX Font Info:    ... okay on input line 4.
LaTeX Font Info:    Checking defaults for OMS/cmsy/m/n on input line 4.
LaTeX Font Info:    ... okay on input line 4.
LaTeX Font Info:    Checking defaults for OT1/cmr/m/n on input line 4.
LaTeX Font Info:    ... okay on input line 4.
LaTeX Font Info:    Checking defaults for T1/cmr/m/n on input line 4.
LaTeX Font Info:    ... okay on input line 4.
LaTeX Font Info:    Checking defaults for TS1/cmr/m/n on input line 4.
LaTeX Font Info:    ... okay on input line 4.
LaTeX Font Info:    Checking defaults for OMX/cmex/m/n on input line 4.
LaTeX Font Info:    ... okay on input line 4.
LaTeX Font Info:    Checking defaults for U/cmr/m/n on input line 4.
LaTeX Font Info:    ... okay on input line 4.

(/usr/share/texmf-dist/tex/context/base/mkii/supp-pdf.mkii
[Loading MPS to PDF converter (version 2006.09.02).]
\scratchcounter=\count194
\scratchdimen=\dimen141
\scratchbox=\box51
\nofMPsegments=\count195
\nofMParguments=\count196
\everyMPshowfont=\toks17
\MPscratchCnt=\count197
\MPscratchDim=\dimen142
\MPnumerator=\count198
\makeMPintoPDFobject=\count199
\everyMPtoPDFconversion=\toks18
) (/usr/share/texmf-dist/tex/latex/epstopdf-pkg/epstopdf-base.sty
Package: epstopdf-base 2020-01-24 v2.11 Base part for package epstopdf
Package epstopdf-base Info: Redefining graphics rule for `.eps' on input line 4
85.

(/usr/share/texmf-dist/tex/latex/latexconfig/epstopdf-sys.cfg
File: epstopdf-sys.cfg 2010/07/13 v1.3 Configuration of (r)epstopdf for TeX Liv
e
))
</home/dieguito/Pictures/logo_udeg_negro.png, id=1, 494.0859pt x 653.0799pt>
File: /home/dieguito/Pictures/logo_udeg_negro.png Graphic file (type png)
<use /home/dieguito/Pictures/logo_udeg_negro.png>
Package pdftex.def Info: /home/dieguito/Pictures/logo_udeg_negro.png  used on i
nput line 7.
(pdftex.def)             Requested size: 123.52116pt x 163.26956pt.
LaTeX Font Info:    External font `cmex10' loaded for size
(Font)              <7> on input line 29.
LaTeX Font Info:    External font `cmex10' loaded for size
(Font)              <5> on input line 29.
 [1

{/var/lib/texmf/fonts/map/pdftex/updmap/pdftex.map} </home/dieguito/Pictures/lo
go_udeg_negro.png>]
Underfull \hbox (badness 10000) in paragraph at lines 69--70

 []

<identifying a calbe.png, id=13, 636.3775pt x 325.215pt>
File: identifying a calbe.png Graphic file (type png)
<use identifying a calbe.png>
Package pdftex.def Info: identifying a calbe.png  used on input line 72.
(pdftex.def)             Requested size: 318.18797pt x 162.6071pt.
<a.jpg, id=14, 963.6pt x 1284.8pt>
File: a.jpg Graphic file (type jpg)
<use a.jpg>
Package pdftex.def Info: a.jpg  used on input line 74.
(pdftex.def)             Requested size: 240.89941pt x 321.19922pt.
[1 <./Identifying a calbe.png>]
<b.jpg, id=18, 963.6pt x 1284.8pt>
File: b.jpg Graphic file (type jpg)
<use b.jpg>
Package pdftex.def Info: b.jpg  used on input line 76.
(pdftex.def)             Requested size: 240.89941pt x 321.19922pt.
 [2 <./a.jpg>] [3 <./b.jpg>]
(./template_Reporte semanal (administración de redes).aux) ) 
Here is how much of TeX's memory you used:
 1330 strings out of 478238
 22442 string characters out of 5850456
 316793 words of memory out of 5000000
 19606 multiletter control sequences out of 15000+600000
 470817 words of font info for 33 fonts, out of 8000000 for 9000
 1141 hyphenation exceptions out of 8191
 55i,6n,62p,406b,179s stack positions out of 5000i,500n,10000p,200000b,80000s
</usr/share/texmf-
dist/fonts/type1/public/amsfonts/cm/cmbx10.pfb></usr/share/texmf-dist/fonts/typ
e1/public/amsfonts/cm/cmbx12.pfb></usr/share/texmf-dist/fonts/type1/public/amsf
onts/cm/cmr10.pfb></usr/share/texmf-dist/fonts/type1/public/amsfonts/cm/cmti12.
pfb>
Output written on "template_Reporte semanal (administración de redes).pdf" (4 
pages, 480192 bytes).
PDF statistics:
 43 PDF objects out of 1000 (max. 8388607)
 23 compressed objects within 1 object stream
 0 named destinations out of 1000 (max. 500000)
 21 words of extra memory for PDF output out of 10000 (max. 10000000)

